Web API Logs: Action Method Post executing at 6/6/2019 12:56:54 AM
Web API Logs: Action Method Post executed at 6/6/2019 12:57:47 AM
Web API Logs: Action Method Post executing at 6/6/2019 1:07:58 AM
Web API Logs: Action Method Post executed at 6/6/2019 1:08:36 AM
Web API Logs: Action Method Post executing at 6/6/2019 1:08:38 AM
Web API Logs: Action Method Post executed at 6/6/2019 1:08:55 AM
Web API Logs: Action Method Post executing at 6/6/2019 1:11:22 AM
Web API Logs: Action Method Post executed at 6/6/2019 1:11:40 AM
Web API Logs: Action Method Post executing at 6/6/2019 12:38:10 PM
Web API Logs: Action Method Post executed at 6/6/2019 12:38:23 PM
Web API Logs: Action Method Post executing at 6/6/2019 12:54:44 PM
Web API Logs: Action Method Post executed at 6/6/2019 12:54:51 PM
Web API Logs: Action Method Post executing at 6/6/2019 12:57:31 PM
Web API Logs: Action Method Post executed at 6/6/2019 12:58:05 PM
Web API Logs: Action Method POST executing at 6/6/2019 12:59:44 PM
Web API Logs: Action Method POST executed at 6/6/2019 12:59:51 PM
Web API Logs: Action Method User executing at 6/6/2019 1:03:34 PM
Web API Logs: Action Method POST executed at 6/6/2019 1:03:39 PM
Web API Logs: Action Method Post Controller Name User executing at 6/6/2019 1:11:04 PM
Web API Logs: Action Method Post Controller Name User executing at 6/6/2019 1:11:05 PM
Web API Logs: Action Method Post Controller Name User executing at 6/6/2019 1:12:37 PM
Web API Logs: Action Method Post Controller Name User executed at 6/6/2019 1:12:37 PM
Web API Logs: Action Method Post Controller Name User executing at 6/6/2019 1:14:44 PM
Web API Logs: Action Method Post Controller Name User executed at 6/6/2019 1:16:11 PM
Web API Logs: Action Method Post Controller Name User executing at 6/6/2019 1:16:34 PM
Web API Logs: Action Method Post Controller Name User executed at 6/6/2019 1:16:53 PM
Web API Logs: Action Method Post Controller Name User executing at 6/6/2019 1:18:52 PM
Web API Logs: Action Method Post Controller Name User executed at 6/6/2019 1:18:53 PM
Web API Logs: Action Method Post Controller Name User executing at 6/6/2019 1:19:12 PM
Web API Logs: Action Method Post Controller Name User executed at 6/6/2019 1:19:14 PM
Web API Logs: Action Method Post Controller Name User executing at 6/6/2019 1:19:44 PM
Web API Logs: Action Method Post Controller Name User executed at 6/6/2019 1:19:45 PM
Web API Logs: Action Method Post Controller Name User executing at 6/6/2019 11:47:20 PM
Web API Logs: Action Method Post Controller Name User executed at 6/6/2019 11:47:20 PM
Web API Logs: Action Method Post Controller Name User executing at 6/6/2019 11:47:28 PM
Web API Logs: Action Method Post Controller Name User executed at 6/6/2019 11:47:28 PM
Web API Logs: Action Method Get Controller Name User executing at 6/7/2019 12:42:03 AM
Web API Logs: Action Method Get Controller Name User executed at 6/7/2019 12:42:32 AM
Web API Logs: Action Method Get Controller Name User executing at 6/7/2019 12:44:59 AM
Web API Logs: Action Method Get Controller Name User executed at 6/7/2019 12:45:08 AM
Web API Logs: Action Method Get Controller Name User executing at 6/7/2019 12:45:18 AM
Web API Logs: Action Method Get Controller Name User executed at 6/7/2019 12:45:22 AM
Web API Logs: Action Method Get Controller Name User executing at 6/7/2019 12:45:47 AM
Web API Logs: Action Method Get Controller Name User executed at 6/7/2019 12:45:49 AM
Web API Logs: Action Method Get Controller Name User executing at 6/7/2019 12:46:06 AM
Web API Logs: Action Method Get Controller Name User executed at 6/7/2019 12:46:17 AM
Web API Logs: Action Method Get Controller Name User executing at 6/7/2019 12:47:34 AM
Web API Logs: Action Method Get Controller Name User executed at 6/7/2019 12:47:36 AM
Web API Logs: Action Method Get Controller Name User executing at 6/7/2019 12:47:39 AM
Web API Logs: Action Method Get Controller Name User executed at 6/7/2019 12:48:01 AM
Web API Logs: Action Method Get Controller Name User executing at 6/7/2019 12:48:51 AM
Web API Logs: Action Method Get Controller Name User executed at 6/7/2019 12:48:53 AM
Web API Logs: Action Method Get Controller Name User executing at 6/7/2019 12:57:34 AM
Web API Logs: Action Method Get Controller Name User executed at 6/7/2019 12:59:01 AM
Web API Logs: Action Method Get Controller Name User executing at 6/7/2019 1:00:51 AM
Web API Logs: Action Method Get Controller Name User executed at 6/7/2019 1:00:53 AM
Web API Logs: Action Method Get Controller Name User executing at 6/7/2019 1:00:53 AM
Web API Logs: Action Method Get Controller Name User executed at 6/7/2019 1:00:53 AM
Web API Logs: Action Method Get Controller Name User executing at 6/7/2019 1:00:58 AM
Web API Logs: Action Method Get Controller Name User executed at 6/7/2019 1:01:02 AM
Web API Logs: Action Method Get Controller Name User executing at 6/7/2019 1:01:12 AM
Web API Logs: Action Method Get Controller Name User executed at 6/7/2019 1:01:27 AM
Web API Logs: Action Method Get Controller Name User executing at 6/7/2019 1:01:45 AM
Web API Logs: Action Method Get Controller Name User executed at 6/7/2019 1:03:03 AM
Web API Logs: Action Method Get Controller Name User executing at 6/7/2019 1:05:47 AM
Web API Logs: Action Method Get Controller Name User executed at 6/7/2019 1:05:53 AM
Web API Logs: Action Method Get Controller Name User executing at 6/7/2019 1:05:57 AM
Web API Logs: Action Method Get Controller Name User executing at 6/7/2019 1:08:42 AM
Web API Logs: Action Method Get Controller Name User executed at 6/7/2019 1:08:57 AM
Web API Logs: Action Method Get Controller Name User executing at 6/7/2019 1:09:16 AM
Web API Logs: Action Method Get Controller Name User executed at 6/7/2019 1:10:32 AM
Web API Logs: Action Method Get Controller Name User executing at 6/7/2019 1:10:32 AM
Web API Logs: Action Method Get Controller Name User executed at 6/7/2019 1:10:32 AM
Web API Logs: Action Method Get Controller Name User executing at 6/7/2019 1:12:29 AM
Web API Logs: Action Method Get Controller Name User executed at 6/7/2019 1:12:30 AM
Web API Logs: Action Method Get Controller Name User executing at 6/7/2019 8:40:29 PM
Web API Logs: Action Method Get Controller Name User executed at 6/7/2019 8:40:35 PM
Web API Logs: Action Method Get Controller Name User executing at 6/8/2019 9:24:00 PM
Web API Logs: Action Method Get Controller Name User executed at 6/8/2019 9:24:04 PM
Web API Logs: Action Method Get Controller Name User executing at 6/8/2019 9:25:11 PM
Web API Logs: Action Method Get Controller Name User executed at 6/8/2019 9:25:14 PM
